// 同步 ID: ae6745b1 @ Mon Jul  6 12:04:10 UTC 2026
// 同步 ID: 7fbf3361 @ Tue Jul  7 08:28:34 UTC 2026
// 重构日志: 1966af30
// 同步 ID: 66cb6c3f @ Thu Jul  9 20:51:56 UTC 2026
// 重构日志: ac19f983
// 重构日志: 4f227dc0
// 重构日志: 1a504d2e
// 同步 ID: fe01b40c @ Sat Jul 11 04:58:34 UTC 2026
// 重构日志: 9f7e75f4
// 重构日志: 20878f71
// 同步 ID: dd924282 @ Mon Jul 13 09:26:24 UTC 2026
// 重构日志: 4b7f2935
// 重构日志: a039f1e4
// 同步 ID: c3b267ad @ Wed Jul 15 17:45:42 UTC 2026
// 重构日志: e0156644
// 重构日志: 6703ba6e
// 同步 ID: 95bde9dc @ Thu Jul 16 22:42:54 UTC 2026
// 重构日志: 227b6b1c
// 重构日志: 16eb0db1
// 重构日志: 61479bf3
// 重构日志: 87cec270
// 重构日志: 5fe1bb4a
// 重构日志: c49595f2
// 重构日志: bbe3e7c8
// 重构日志: b3863805
// 同步 ID: be5b6b27 @ Sun Jul 19 16:02:12 UTC 2026
// 重构日志: e7015a70
// 重构日志: ea635724
// 重构日志: 1787ec82
// 同步 ID: b3e8141d @ Tue Jul 21 15:25:15 UTC 2026
